CREATE TABLE "django_migrations" ("id" bigint NOT NULL PRIMARY KEY GENERATED BY DEFAULT AS IDENTITY, "app" varchar(255) NOT NULL, "name" varchar(255) NOT NULL, "applied" timestamp with time zone NOT NULL); (params None)
CREATE TABLE "django_content_type" ("id" integer NOT NULL PRIMARY KEY GENERATED BY DEFAULT AS IDENTITY, "name" varchar(100) NOT NULL, "app_label" varchar(100) NOT NULL, "model" varchar(100) NOT NULL); (params None)
ALTER TABLE "django_content_type" ADD CONSTRAINT "django_content_type_app_label_model_76bd3d3b_uniq" UNIQUE ("app_label", "model"); (params None)
CREATE TABLE "auth_permission" ("id" integer NOT NULL PRIMARY KEY GENERATED BY DEFAULT AS IDENTITY, "name" varchar(50) NOT NULL, "content_type_id" integer NOT NULL, "codename" varchar(100) NOT NULL); (params None)
CREATE TABLE "auth_group" ("id" integer NOT NULL PRIMARY KEY GENERATED BY DEFAULT AS IDENTITY, "name" varchar(80) NOT NULL UNIQUE); (params None)
CREATE TABLE "auth_group_permissions" ("id" bigint NOT NULL PRIMARY KEY GENERATED BY DEFAULT AS IDENTITY, "group_id" integer NOT NULL, "permission_id" integer NOT NULL); (params None)
CREATE TABLE "auth_user" ("id" integer NOT NULL PRIMARY KEY GENERATED BY DEFAULT AS IDENTITY, "password" varchar(128) NOT NULL, "last_login" timestamp with time zone NOT NULL, "is_superuser" boolean NOT NULL, "username" varchar(30) NOT NULL UNIQUE, "first_name" varchar(30) NOT NULL, "last_name" varchar(30) NOT NULL, "email" varchar(75) NOT NULL, "is_staff" boolean NOT NULL, "is_active" boolean NOT NULL, "date_joined" timestamp with time zone NOT NULL); (params None)
CREATE TABLE "auth_user_groups" ("id" bigint NOT NULL PRIMARY KEY GENERATED BY DEFAULT AS IDENTITY, "user_id" integer NOT NULL, "group_id" integer NOT NULL); (params None)
CREATE TABLE "auth_user_user_permissions" ("id" bigint NOT NULL PRIMARY KEY GENERATED BY DEFAULT AS IDENTITY, "user_id" integer NOT NULL, "permission_id" integer NOT NULL); (params None)
ALTER TABLE "auth_permission" ADD CONSTRAINT "auth_permission_content_type_id_codename_01ab375a_uniq" UNIQUE ("content_type_id", "codename"); (params None)
ALTER TABLE "auth_permission" ADD CONSTRAINT "auth_permission_content_type_id_2f476e4b_fk_django_co" FOREIGN KEY ("content_type_id") REFERENCES "django_content_type" ("id") DEFERRABLE INITIALLY DEFERRED; (params None)
CREATE INDEX "auth_permission_content_type_id_2f476e4b" ON "auth_permission" ("content_type_id"); (params None)
CREATE INDEX "auth_group_name_a6ea08ec_like" ON "auth_group" ("name" varchar_pattern_ops); (params None)
ALTER TABLE "auth_group_permissions" ADD CONSTRAINT "auth_group_permissions_group_id_permission_id_0cd325b0_uniq" UNIQUE ("group_id", "permission_id"); (params None)
ALTER TABLE "auth_group_permissions" ADD CONSTRAINT "auth_group_permissions_group_id_b120cbf9_fk_auth_group_id" FOREIGN KEY ("group_id") REFERENCES "auth_group" ("id") DEFERRABLE INITIALLY DEFERRED; (params None)
ALTER TABLE "auth_group_permissions" ADD CONSTRAINT "auth_group_permissio_permission_id_84c5c92e_fk_auth_perm" FOREIGN KEY ("permission_id") REFERENCES "auth_permission" ("id") DEFERRABLE INITIALLY DEFERRED; (params None)
CREATE INDEX "auth_group_permissions_group_id_b120cbf9" ON "auth_group_permissions" ("group_id"); (params None)
CREATE INDEX "auth_group_permissions_permission_id_84c5c92e" ON "auth_group_permissions" ("permission_id"); (params None)
CREATE INDEX "auth_user_username_6821ab7c_like" ON "auth_user" ("username" varchar_pattern_ops); (params None)
ALTER TABLE "auth_user_groups" ADD CONSTRAINT "auth_user_groups_user_id_group_id_94350c0c_uniq" UNIQUE ("user_id", "group_id"); (params None)
ALTER TABLE "auth_user_groups" ADD CONSTRAINT "auth_user_groups_user_id_6a12ed8b_fk_auth_user_id" FOREIGN KEY ("user_id") REFERENCES "auth_user" ("id") DEFERRABLE INITIALLY DEFERRED; (params None)
ALTER TABLE "auth_user_groups" ADD CONSTRAINT "auth_user_groups_group_id_97559544_fk_auth_group_id" FOREIGN KEY ("group_id") REFERENCES "auth_group" ("id") DEFERRABLE INITIALLY DEFERRED; (params None)
CREATE INDEX "auth_user_groups_user_id_6a12ed8b" ON "auth_user_groups" ("user_id"); (params None)
CREATE INDEX "auth_user_groups_group_id_97559544" ON "auth_user_groups" ("group_id"); (params None)
ALTER TABLE "auth_user_user_permissions" ADD CONSTRAINT "auth_user_user_permissions_user_id_permission_id_14a6b632_uniq" UNIQUE ("user_id", "permission_id"); (params None)
ALTER TABLE "auth_user_user_permissions" ADD CONSTRAINT "auth_user_user_permissions_user_id_a95ead1b_fk_auth_user_id" FOREIGN KEY ("user_id") REFERENCES "auth_user" ("id") DEFERRABLE INITIALLY DEFERRED; (params None)
ALTER TABLE "auth_user_user_permissions" ADD CONSTRAINT "auth_user_user_permi_permission_id_1fbb5f2c_fk_auth_perm" FOREIGN KEY ("permission_id") REFERENCES "auth_permission" ("id") DEFERRABLE INITIALLY DEFERRED; (params None)
CREATE INDEX "auth_user_user_permissions_user_id_a95ead1b" ON "auth_user_user_permissions" ("user_id"); (params None)
CREATE INDEX "auth_user_user_permissions_permission_id_1fbb5f2c" ON "auth_user_user_permissions" ("permission_id"); (params None)
CREATE TABLE "django_admin_log" ("id" integer NOT NULL PRIMARY KEY GENERATED BY DEFAULT AS IDENTITY, "action_time" timestamp with time zone NOT NULL, "object_id" text NULL, "object_repr" varchar(200) NOT NULL, "action_flag" smallint NOT NULL CHECK ("action_flag" >= 0), "change_message" text NOT NULL, "content_type_id" integer NULL, "user_id" integer NOT NULL); (params None)
ALTER TABLE "django_admin_log" ADD CONSTRAINT "django_admin_log_content_type_id_c4bce8eb_fk_django_co" FOREIGN KEY ("content_type_id") REFERENCES "django_content_type" ("id") DEFERRABLE INITIALLY DEFERRED; (params None)
ALTER TABLE "django_admin_log" ADD CONSTRAINT "django_admin_log_user_id_c564eba6_fk_auth_user_id" FOREIGN KEY ("user_id") REFERENCES "auth_user" ("id") DEFERRABLE INITIALLY DEFERRED; (params None)
CREATE INDEX "django_admin_log_content_type_id_c4bce8eb" ON "django_admin_log" ("content_type_id"); (params None)
CREATE INDEX "django_admin_log_user_id_c564eba6" ON "django_admin_log" ("user_id"); (params None)
ALTER TABLE "django_content_type" ALTER COLUMN "name" DROP NOT NULL; (params None)
ALTER TABLE "django_content_type" DROP COLUMN "name" CASCADE; (params None)
ALTER TABLE "auth_permission" ALTER COLUMN "name" TYPE varchar(255); (params None)
ALTER TABLE "auth_user" ALTER COLUMN "email" TYPE varchar(254); (params None)
ALTER TABLE "auth_user" ALTER COLUMN "last_login" DROP NOT NULL; (params None)
ALTER TABLE "auth_user" ALTER COLUMN "username" TYPE varchar(150); (params None)
ALTER TABLE "auth_user" ALTER COLUMN "last_name" TYPE varchar(150); (params None)
ALTER TABLE "auth_group" ALTER COLUMN "name" TYPE varchar(150); (params None)
ALTER TABLE "auth_user" ALTER COLUMN "first_name" TYPE varchar(150); (params None)
CREATE TABLE "django_celery_beat_crontabschedule" ("id" integer NOT NULL PRIMARY KEY GENERATED BY DEFAULT AS IDENTITY, "minute" varchar(64) NOT NULL, "hour" varchar(64) NOT NULL, "day_of_week" varchar(64) NOT NULL, "day_of_month" varchar(64) NOT NULL, "month_of_year" varchar(64) NOT NULL); (params None)
CREATE TABLE "django_celery_beat_intervalschedule" ("id" integer NOT NULL PRIMARY KEY GENERATED BY DEFAULT AS IDENTITY, "every" integer NOT NULL, "period" varchar(24) NOT NULL); (params None)
CREATE TABLE "django_celery_beat_periodictask" ("id" integer NOT NULL PRIMARY KEY GENERATED BY DEFAULT AS IDENTITY, "name" varchar(200) NOT NULL UNIQUE, "task" varchar(200) NOT NULL, "args" text NOT NULL, "kwargs" text NOT NULL, "queue" varchar(200) NULL, "exchange" varchar(200) NULL, "routing_key" varchar(200) NULL, "expires" timestamp with time zone NULL, "enabled" boolean NOT NULL, "last_run_at" timestamp with time zone NULL, "total_run_count" integer NOT NULL CHECK ("total_run_count" >= 0), "date_changed" timestamp with time zone NOT NULL, "description" text NOT NULL, "crontab_id" integer NULL, "interval_id" integer NULL); (params None)
CREATE TABLE "django_celery_beat_periodictasks" ("ident" smallint NOT NULL PRIMARY KEY, "last_update" timestamp with time zone NOT NULL); (params None)
ALTER TABLE "django_celery_beat_periodictask" ADD CONSTRAINT "django_celery_beat_p_crontab_id_d3cba168_fk_django_ce" FOREIGN KEY ("crontab_id") REFERENCES "django_celery_beat_crontabschedule" ("id") DEFERRABLE INITIALLY DEFERRED; (params None)
ALTER TABLE "django_celery_beat_periodictask" ADD CONSTRAINT "django_celery_beat_p_interval_id_a8ca27da_fk_django_ce" FOREIGN KEY ("interval_id") REFERENCES "django_celery_beat_intervalschedule" ("id") DEFERRABLE INITIALLY DEFERRED; (params None)
CREATE INDEX "django_celery_beat_periodictask_name_265a36b7_like" ON "django_celery_beat_periodictask" ("name" varchar_pattern_ops); (params None)
CREATE INDEX "django_celery_beat_periodictask_crontab_id_d3cba168" ON "django_celery_beat_periodictask" ("crontab_id"); (params None)
CREATE INDEX "django_celery_beat_periodictask_interval_id_a8ca27da" ON "django_celery_beat_periodictask" ("interval_id"); (params None)
CREATE TABLE "django_celery_beat_solarschedule" ("id" integer NOT NULL PRIMARY KEY GENERATED BY DEFAULT AS IDENTITY, "event" varchar(24) NOT NULL, "latitude" numeric(9, 6) NOT NULL, "longitude" numeric(9, 6) NOT NULL); (params None)
ALTER TABLE "django_celery_beat_periodictask" ADD COLUMN "solar_id" integer NULL CONSTRAINT "django_celery_beat_p_solar_id_a87ce72c_fk_django_ce" REFERENCES "django_celery_beat_solarschedule"("id") DEFERRABLE INITIALLY DEFERRED; SET CONSTRAINTS "django_celery_beat_p_solar_id_a87ce72c_fk_django_ce" IMMEDIATE; (params None)
CREATE INDEX "django_celery_beat_periodictask_solar_id_a87ce72c" ON "django_celery_beat_periodictask" ("solar_id"); (params None)
ALTER TABLE "django_celery_beat_solarschedule" ADD CONSTRAINT "django_celery_beat_solar_event_latitude_longitude_ba64999a_uniq" UNIQUE ("event", "latitude", "longitude"); (params None)
ALTER TABLE "django_celery_beat_crontabschedule" ADD COLUMN "timezone" varchar(63) DEFAULT 'UTC' NOT NULL; (params None)
ALTER TABLE "django_celery_beat_crontabschedule" ALTER COLUMN "timezone" DROP DEFAULT; (params None)
ALTER TABLE "django_celery_beat_crontabschedule" ALTER COLUMN "day_of_month" TYPE varchar(124); (params None)
ALTER TABLE "django_celery_beat_crontabschedule" ALTER COLUMN "hour" TYPE varchar(96); (params None)
ALTER TABLE "django_celery_beat_crontabschedule" ALTER COLUMN "minute" TYPE varchar(240); (params None)
ALTER TABLE "django_celery_beat_periodictask" ADD COLUMN "one_off" boolean DEFAULT false NOT NULL; (params None)
ALTER TABLE "django_celery_beat_periodictask" ALTER COLUMN "one_off" DROP DEFAULT; (params None)
ALTER TABLE "django_celery_beat_periodictask" ADD COLUMN "start_time" timestamp with time zone NULL; (params None)
ALTER TABLE "django_celery_beat_periodictask" ADD COLUMN "priority" integer NULL CHECK ("priority" >= 0); (params None)
ALTER TABLE "django_celery_beat_periodictask" ADD COLUMN "headers" text DEFAULT '{}' NOT NULL; (params None)
ALTER TABLE "django_celery_beat_periodictask" ALTER COLUMN "headers" DROP DEFAULT; (params None)
CREATE TABLE "django_celery_beat_clockedschedule" ("id" integer NOT NULL PRIMARY KEY GENERATED BY DEFAULT AS IDENTITY, "clocked_time" timestamp with time zone NOT NULL, "enabled" boolean NOT NULL); (params None)
ALTER TABLE "django_celery_beat_periodictask" ADD COLUMN "clocked_id" integer NULL CONSTRAINT "django_celery_beat_p_clocked_id_47a69f82_fk_django_ce" REFERENCES "django_celery_beat_clockedschedule"("id") DEFERRABLE INITIALLY DEFERRED; SET CONSTRAINTS "django_celery_beat_p_clocked_id_47a69f82_fk_django_ce" IMMEDIATE; (params None)
CREATE INDEX "django_celery_beat_periodictask_clocked_id_47a69f82" ON "django_celery_beat_periodictask" ("clocked_id"); (params None)
ALTER TABLE "django_celery_beat_periodictask" ADD COLUMN "expire_seconds" integer NULL CHECK ("expire_seconds" >= 0); (params None)
ALTER TABLE "django_celery_beat_clockedschedule" DROP COLUMN "enabled" CASCADE; (params None)
CREATE TABLE "django_session" ("session_key" varchar(40) NOT NULL PRIMARY KEY, "session_data" text NOT NULL, "expire_date" timestamp with time zone NOT NULL); (params None)
CREATE INDEX "django_session_session_key_c0390e0f_like" ON "django_session" ("session_key" varchar_pattern_ops); (params None)
CREATE INDEX "django_session_expire_date_a5c62663" ON "django_session" ("expire_date"); (params None)
CREATE TABLE "timers_timer" ("id" uuid NOT NULL PRIMARY KEY, "url" varchar(200) NOT NULL, "scheduled_time" timestamp with time zone NOT NULL, "is_fired" boolean NOT NULL); (params None)
CREATE TABLE "django_migrations" ("id" bigint NOT NULL PRIMARY KEY GENERATED BY DEFAULT AS IDENTITY, "app" varchar(255) NOT NULL, "name" varchar(255) NOT NULL, "applied" timestamp with time zone NOT NULL); (params None)
CREATE TABLE "django_content_type" ("id" integer NOT NULL PRIMARY KEY GENERATED BY DEFAULT AS IDENTITY, "name" varchar(100) NOT NULL, "app_label" varchar(100) NOT NULL, "model" varchar(100) NOT NULL); (params None)
ALTER TABLE "django_content_type" ADD CONSTRAINT "django_content_type_app_label_model_76bd3d3b_uniq" UNIQUE ("app_label", "model"); (params None)
CREATE TABLE "auth_permission" ("id" integer NOT NULL PRIMARY KEY GENERATED BY DEFAULT AS IDENTITY, "name" varchar(50) NOT NULL, "content_type_id" integer NOT NULL, "codename" varchar(100) NOT NULL); (params None)
CREATE TABLE "auth_group" ("id" integer NOT NULL PRIMARY KEY GENERATED BY DEFAULT AS IDENTITY, "name" varchar(80) NOT NULL UNIQUE); (params None)
CREATE TABLE "auth_group_permissions" ("id" bigint NOT NULL PRIMARY KEY GENERATED BY DEFAULT AS IDENTITY, "group_id" integer NOT NULL, "permission_id" integer NOT NULL); (params None)
CREATE TABLE "auth_user" ("id" integer NOT NULL PRIMARY KEY GENERATED BY DEFAULT AS IDENTITY, "password" varchar(128) NOT NULL, "last_login" timestamp with time zone NOT NULL, "is_superuser" boolean NOT NULL, "username" varchar(30) NOT NULL UNIQUE, "first_name" varchar(30) NOT NULL, "last_name" varchar(30) NOT NULL, "email" varchar(75) NOT NULL, "is_staff" boolean NOT NULL, "is_active" boolean NOT NULL, "date_joined" timestamp with time zone NOT NULL); (params None)
CREATE TABLE "auth_user_groups" ("id" bigint NOT NULL PRIMARY KEY GENERATED BY DEFAULT AS IDENTITY, "user_id" integer NOT NULL, "group_id" integer NOT NULL); (params None)
CREATE TABLE "auth_user_user_permissions" ("id" bigint NOT NULL PRIMARY KEY GENERATED BY DEFAULT AS IDENTITY, "user_id" integer NOT NULL, "permission_id" integer NOT NULL); (params None)
ALTER TABLE "auth_permission" ADD CONSTRAINT "auth_permission_content_type_id_codename_01ab375a_uniq" UNIQUE ("content_type_id", "codename"); (params None)
ALTER TABLE "auth_permission" ADD CONSTRAINT "auth_permission_content_type_id_2f476e4b_fk_django_co" FOREIGN KEY ("content_type_id") REFERENCES "django_content_type" ("id") DEFERRABLE INITIALLY DEFERRED; (params None)
CREATE INDEX "auth_permission_content_type_id_2f476e4b" ON "auth_permission" ("content_type_id"); (params None)
CREATE INDEX "auth_group_name_a6ea08ec_like" ON "auth_group" ("name" varchar_pattern_ops); (params None)
ALTER TABLE "auth_group_permissions" ADD CONSTRAINT "auth_group_permissions_group_id_permission_id_0cd325b0_uniq" UNIQUE ("group_id", "permission_id"); (params None)
ALTER TABLE "auth_group_permissions" ADD CONSTRAINT "auth_group_permissions_group_id_b120cbf9_fk_auth_group_id" FOREIGN KEY ("group_id") REFERENCES "auth_group" ("id") DEFERRABLE INITIALLY DEFERRED; (params None)
ALTER TABLE "auth_group_permissions" ADD CONSTRAINT "auth_group_permissio_permission_id_84c5c92e_fk_auth_perm" FOREIGN KEY ("permission_id") REFERENCES "auth_permission" ("id") DEFERRABLE INITIALLY DEFERRED; (params None)
CREATE INDEX "auth_group_permissions_group_id_b120cbf9" ON "auth_group_permissions" ("group_id"); (params None)
CREATE INDEX "auth_group_permissions_permission_id_84c5c92e" ON "auth_group_permissions" ("permission_id"); (params None)
CREATE INDEX "auth_user_username_6821ab7c_like" ON "auth_user" ("username" varchar_pattern_ops); (params None)
ALTER TABLE "auth_user_groups" ADD CONSTRAINT "auth_user_groups_user_id_group_id_94350c0c_uniq" UNIQUE ("user_id", "group_id"); (params None)
ALTER TABLE "auth_user_groups" ADD CONSTRAINT "auth_user_groups_user_id_6a12ed8b_fk_auth_user_id" FOREIGN KEY ("user_id") REFERENCES "auth_user" ("id") DEFERRABLE INITIALLY DEFERRED; (params None)
ALTER TABLE "auth_user_groups" ADD CONSTRAINT "auth_user_groups_group_id_97559544_fk_auth_group_id" FOREIGN KEY ("group_id") REFERENCES "auth_group" ("id") DEFERRABLE INITIALLY DEFERRED; (params None)
CREATE INDEX "auth_user_groups_user_id_6a12ed8b" ON "auth_user_groups" ("user_id"); (params None)
CREATE INDEX "auth_user_groups_group_id_97559544" ON "auth_user_groups" ("group_id"); (params None)
ALTER TABLE "auth_user_user_permissions" ADD CONSTRAINT "auth_user_user_permissions_user_id_permission_id_14a6b632_uniq" UNIQUE ("user_id", "permission_id"); (params None)
ALTER TABLE "auth_user_user_permissions" ADD CONSTRAINT "auth_user_user_permissions_user_id_a95ead1b_fk_auth_user_id" FOREIGN KEY ("user_id") REFERENCES "auth_user" ("id") DEFERRABLE INITIALLY DEFERRED; (params None)
ALTER TABLE "auth_user_user_permissions" ADD CONSTRAINT "auth_user_user_permi_permission_id_1fbb5f2c_fk_auth_perm" FOREIGN KEY ("permission_id") REFERENCES "auth_permission" ("id") DEFERRABLE INITIALLY DEFERRED; (params None)
CREATE INDEX "auth_user_user_permissions_user_id_a95ead1b" ON "auth_user_user_permissions" ("user_id"); (params None)
CREATE INDEX "auth_user_user_permissions_permission_id_1fbb5f2c" ON "auth_user_user_permissions" ("permission_id"); (params None)
CREATE TABLE "django_admin_log" ("id" integer NOT NULL PRIMARY KEY GENERATED BY DEFAULT AS IDENTITY, "action_time" timestamp with time zone NOT NULL, "object_id" text NULL, "object_repr" varchar(200) NOT NULL, "action_flag" smallint NOT NULL CHECK ("action_flag" >= 0), "change_message" text NOT NULL, "content_type_id" integer NULL, "user_id" integer NOT NULL); (params None)
ALTER TABLE "django_admin_log" ADD CONSTRAINT "django_admin_log_content_type_id_c4bce8eb_fk_django_co" FOREIGN KEY ("content_type_id") REFERENCES "django_content_type" ("id") DEFERRABLE INITIALLY DEFERRED; (params None)
ALTER TABLE "django_admin_log" ADD CONSTRAINT "django_admin_log_user_id_c564eba6_fk_auth_user_id" FOREIGN KEY ("user_id") REFERENCES "auth_user" ("id") DEFERRABLE INITIALLY DEFERRED; (params None)
CREATE INDEX "django_admin_log_content_type_id_c4bce8eb" ON "django_admin_log" ("content_type_id"); (params None)
CREATE INDEX "django_admin_log_user_id_c564eba6" ON "django_admin_log" ("user_id"); (params None)
ALTER TABLE "django_content_type" ALTER COLUMN "name" DROP NOT NULL; (params None)
ALTER TABLE "django_content_type" DROP COLUMN "name" CASCADE; (params None)
ALTER TABLE "auth_permission" ALTER COLUMN "name" TYPE varchar(255); (params None)
ALTER TABLE "auth_user" ALTER COLUMN "email" TYPE varchar(254); (params None)
ALTER TABLE "auth_user" ALTER COLUMN "last_login" DROP NOT NULL; (params None)
ALTER TABLE "auth_user" ALTER COLUMN "username" TYPE varchar(150); (params None)
ALTER TABLE "auth_user" ALTER COLUMN "last_name" TYPE varchar(150); (params None)
ALTER TABLE "auth_group" ALTER COLUMN "name" TYPE varchar(150); (params None)
ALTER TABLE "auth_user" ALTER COLUMN "first_name" TYPE varchar(150); (params None)
CREATE TABLE "django_celery_beat_crontabschedule" ("id" integer NOT NULL PRIMARY KEY GENERATED BY DEFAULT AS IDENTITY, "minute" varchar(64) NOT NULL, "hour" varchar(64) NOT NULL, "day_of_week" varchar(64) NOT NULL, "day_of_month" varchar(64) NOT NULL, "month_of_year" varchar(64) NOT NULL); (params None)
CREATE TABLE "django_celery_beat_intervalschedule" ("id" integer NOT NULL PRIMARY KEY GENERATED BY DEFAULT AS IDENTITY, "every" integer NOT NULL, "period" varchar(24) NOT NULL); (params None)
CREATE TABLE "django_celery_beat_periodictask" ("id" integer NOT NULL PRIMARY KEY GENERATED BY DEFAULT AS IDENTITY, "name" varchar(200) NOT NULL UNIQUE, "task" varchar(200) NOT NULL, "args" text NOT NULL, "kwargs" text NOT NULL, "queue" varchar(200) NULL, "exchange" varchar(200) NULL, "routing_key" varchar(200) NULL, "expires" timestamp with time zone NULL, "enabled" boolean NOT NULL, "last_run_at" timestamp with time zone NULL, "total_run_count" integer NOT NULL CHECK ("total_run_count" >= 0), "date_changed" timestamp with time zone NOT NULL, "description" text NOT NULL, "crontab_id" integer NULL, "interval_id" integer NULL); (params None)
CREATE TABLE "django_celery_beat_periodictasks" ("ident" smallint NOT NULL PRIMARY KEY, "last_update" timestamp with time zone NOT NULL); (params None)
ALTER TABLE "django_celery_beat_periodictask" ADD CONSTRAINT "django_celery_beat_p_crontab_id_d3cba168_fk_django_ce" FOREIGN KEY ("crontab_id") REFERENCES "django_celery_beat_crontabschedule" ("id") DEFERRABLE INITIALLY DEFERRED; (params None)
ALTER TABLE "django_celery_beat_periodictask" ADD CONSTRAINT "django_celery_beat_p_interval_id_a8ca27da_fk_django_ce" FOREIGN KEY ("interval_id") REFERENCES "django_celery_beat_intervalschedule" ("id") DEFERRABLE INITIALLY DEFERRED; (params None)
CREATE INDEX "django_celery_beat_periodictask_name_265a36b7_like" ON "django_celery_beat_periodictask" ("name" varchar_pattern_ops); (params None)
CREATE INDEX "django_celery_beat_periodictask_crontab_id_d3cba168" ON "django_celery_beat_periodictask" ("crontab_id"); (params None)
CREATE INDEX "django_celery_beat_periodictask_interval_id_a8ca27da" ON "django_celery_beat_periodictask" ("interval_id"); (params None)
CREATE TABLE "django_celery_beat_solarschedule" ("id" integer NOT NULL PRIMARY KEY GENERATED BY DEFAULT AS IDENTITY, "event" varchar(24) NOT NULL, "latitude" numeric(9, 6) NOT NULL, "longitude" numeric(9, 6) NOT NULL); (params None)
ALTER TABLE "django_celery_beat_periodictask" ADD COLUMN "solar_id" integer NULL CONSTRAINT "django_celery_beat_p_solar_id_a87ce72c_fk_django_ce" REFERENCES "django_celery_beat_solarschedule"("id") DEFERRABLE INITIALLY DEFERRED; SET CONSTRAINTS "django_celery_beat_p_solar_id_a87ce72c_fk_django_ce" IMMEDIATE; (params None)
CREATE INDEX "django_celery_beat_periodictask_solar_id_a87ce72c" ON "django_celery_beat_periodictask" ("solar_id"); (params None)
ALTER TABLE "django_celery_beat_solarschedule" ADD CONSTRAINT "django_celery_beat_solar_event_latitude_longitude_ba64999a_uniq" UNIQUE ("event", "latitude", "longitude"); (params None)
ALTER TABLE "django_celery_beat_crontabschedule" ADD COLUMN "timezone" varchar(63) DEFAULT 'UTC' NOT NULL; (params None)
ALTER TABLE "django_celery_beat_crontabschedule" ALTER COLUMN "timezone" DROP DEFAULT; (params None)
ALTER TABLE "django_celery_beat_crontabschedule" ALTER COLUMN "day_of_month" TYPE varchar(124); (params None)
ALTER TABLE "django_celery_beat_crontabschedule" ALTER COLUMN "hour" TYPE varchar(96); (params None)
ALTER TABLE "django_celery_beat_crontabschedule" ALTER COLUMN "minute" TYPE varchar(240); (params None)
ALTER TABLE "django_celery_beat_periodictask" ADD COLUMN "one_off" boolean DEFAULT false NOT NULL; (params None)
ALTER TABLE "django_celery_beat_periodictask" ALTER COLUMN "one_off" DROP DEFAULT; (params None)
ALTER TABLE "django_celery_beat_periodictask" ADD COLUMN "start_time" timestamp with time zone NULL; (params None)
ALTER TABLE "django_celery_beat_periodictask" ADD COLUMN "priority" integer NULL CHECK ("priority" >= 0); (params None)
ALTER TABLE "django_celery_beat_periodictask" ADD COLUMN "headers" text DEFAULT '{}' NOT NULL; (params None)
ALTER TABLE "django_celery_beat_periodictask" ALTER COLUMN "headers" DROP DEFAULT; (params None)
CREATE TABLE "django_celery_beat_clockedschedule" ("id" integer NOT NULL PRIMARY KEY GENERATED BY DEFAULT AS IDENTITY, "clocked_time" timestamp with time zone NOT NULL, "enabled" boolean NOT NULL); (params None)
ALTER TABLE "django_celery_beat_periodictask" ADD COLUMN "clocked_id" integer NULL CONSTRAINT "django_celery_beat_p_clocked_id_47a69f82_fk_django_ce" REFERENCES "django_celery_beat_clockedschedule"("id") DEFERRABLE INITIALLY DEFERRED; SET CONSTRAINTS "django_celery_beat_p_clocked_id_47a69f82_fk_django_ce" IMMEDIATE; (params None)
CREATE INDEX "django_celery_beat_periodictask_clocked_id_47a69f82" ON "django_celery_beat_periodictask" ("clocked_id"); (params None)
ALTER TABLE "django_celery_beat_periodictask" ADD COLUMN "expire_seconds" integer NULL CHECK ("expire_seconds" >= 0); (params None)
ALTER TABLE "django_celery_beat_clockedschedule" DROP COLUMN "enabled" CASCADE; (params None)
CREATE TABLE "django_session" ("session_key" varchar(40) NOT NULL PRIMARY KEY, "session_data" text NOT NULL, "expire_date" timestamp with time zone NOT NULL); (params None)
CREATE INDEX "django_session_session_key_c0390e0f_like" ON "django_session" ("session_key" varchar_pattern_ops); (params None)
CREATE INDEX "django_session_expire_date_a5c62663" ON "django_session" ("expire_date"); (params None)
CREATE TABLE "timers_timer" ("id" uuid NOT NULL PRIMARY KEY, "url" varchar(200) NOT NULL, "scheduled_time" timestamp with time zone NOT NULL, "is_fired" boolean NOT NULL); (params None)
CREATE TABLE "django_migrations" ("id" bigint NOT NULL PRIMARY KEY GENERATED BY DEFAULT AS IDENTITY, "app" varchar(255) NOT NULL, "name" varchar(255) NOT NULL, "applied" timestamp with time zone NOT NULL); (params None)
CREATE TABLE "django_content_type" ("id" integer NOT NULL PRIMARY KEY GENERATED BY DEFAULT AS IDENTITY, "name" varchar(100) NOT NULL, "app_label" varchar(100) NOT NULL, "model" varchar(100) NOT NULL); (params None)
ALTER TABLE "django_content_type" ADD CONSTRAINT "django_content_type_app_label_model_76bd3d3b_uniq" UNIQUE ("app_label", "model"); (params None)
CREATE TABLE "auth_permission" ("id" integer NOT NULL PRIMARY KEY GENERATED BY DEFAULT AS IDENTITY, "name" varchar(50) NOT NULL, "content_type_id" integer NOT NULL, "codename" varchar(100) NOT NULL); (params None)
CREATE TABLE "auth_group" ("id" integer NOT NULL PRIMARY KEY GENERATED BY DEFAULT AS IDENTITY, "name" varchar(80) NOT NULL UNIQUE); (params None)
CREATE TABLE "auth_group_permissions" ("id" bigint NOT NULL PRIMARY KEY GENERATED BY DEFAULT AS IDENTITY, "group_id" integer NOT NULL, "permission_id" integer NOT NULL); (params None)
CREATE TABLE "auth_user" ("id" integer NOT NULL PRIMARY KEY GENERATED BY DEFAULT AS IDENTITY, "password" varchar(128) NOT NULL, "last_login" timestamp with time zone NOT NULL, "is_superuser" boolean NOT NULL, "username" varchar(30) NOT NULL UNIQUE, "first_name" varchar(30) NOT NULL, "last_name" varchar(30) NOT NULL, "email" varchar(75) NOT NULL, "is_staff" boolean NOT NULL, "is_active" boolean NOT NULL, "date_joined" timestamp with time zone NOT NULL); (params None)
CREATE TABLE "auth_user_groups" ("id" bigint NOT NULL PRIMARY KEY GENERATED BY DEFAULT AS IDENTITY, "user_id" integer NOT NULL, "group_id" integer NOT NULL); (params None)
CREATE TABLE "auth_user_user_permissions" ("id" bigint NOT NULL PRIMARY KEY GENERATED BY DEFAULT AS IDENTITY, "user_id" integer NOT NULL, "permission_id" integer NOT NULL); (params None)
ALTER TABLE "auth_permission" ADD CONSTRAINT "auth_permission_content_type_id_codename_01ab375a_uniq" UNIQUE ("content_type_id", "codename"); (params None)
ALTER TABLE "auth_permission" ADD CONSTRAINT "auth_permission_content_type_id_2f476e4b_fk_django_co" FOREIGN KEY ("content_type_id") REFERENCES "django_content_type" ("id") DEFERRABLE INITIALLY DEFERRED; (params None)
CREATE INDEX "auth_permission_content_type_id_2f476e4b" ON "auth_permission" ("content_type_id"); (params None)
CREATE INDEX "auth_group_name_a6ea08ec_like" ON "auth_group" ("name" varchar_pattern_ops); (params None)
ALTER TABLE "auth_group_permissions" ADD CONSTRAINT "auth_group_permissions_group_id_permission_id_0cd325b0_uniq" UNIQUE ("group_id", "permission_id"); (params None)
ALTER TABLE "auth_group_permissions" ADD CONSTRAINT "auth_group_permissions_group_id_b120cbf9_fk_auth_group_id" FOREIGN KEY ("group_id") REFERENCES "auth_group" ("id") DEFERRABLE INITIALLY DEFERRED; (params None)
ALTER TABLE "auth_group_permissions" ADD CONSTRAINT "auth_group_permissio_permission_id_84c5c92e_fk_auth_perm" FOREIGN KEY ("permission_id") REFERENCES "auth_permission" ("id") DEFERRABLE INITIALLY DEFERRED; (params None)
CREATE INDEX "auth_group_permissions_group_id_b120cbf9" ON "auth_group_permissions" ("group_id"); (params None)
CREATE INDEX "auth_group_permissions_permission_id_84c5c92e" ON "auth_group_permissions" ("permission_id"); (params None)
CREATE INDEX "auth_user_username_6821ab7c_like" ON "auth_user" ("username" varchar_pattern_ops); (params None)
ALTER TABLE "auth_user_groups" ADD CONSTRAINT "auth_user_groups_user_id_group_id_94350c0c_uniq" UNIQUE ("user_id", "group_id"); (params None)
ALTER TABLE "auth_user_groups" ADD CONSTRAINT "auth_user_groups_user_id_6a12ed8b_fk_auth_user_id" FOREIGN KEY ("user_id") REFERENCES "auth_user" ("id") DEFERRABLE INITIALLY DEFERRED; (params None)
ALTER TABLE "auth_user_groups" ADD CONSTRAINT "auth_user_groups_group_id_97559544_fk_auth_group_id" FOREIGN KEY ("group_id") REFERENCES "auth_group" ("id") DEFERRABLE INITIALLY DEFERRED; (params None)
CREATE INDEX "auth_user_groups_user_id_6a12ed8b" ON "auth_user_groups" ("user_id"); (params None)
CREATE INDEX "auth_user_groups_group_id_97559544" ON "auth_user_groups" ("group_id"); (params None)
ALTER TABLE "auth_user_user_permissions" ADD CONSTRAINT "auth_user_user_permissions_user_id_permission_id_14a6b632_uniq" UNIQUE ("user_id", "permission_id"); (params None)
ALTER TABLE "auth_user_user_permissions" ADD CONSTRAINT "auth_user_user_permissions_user_id_a95ead1b_fk_auth_user_id" FOREIGN KEY ("user_id") REFERENCES "auth_user" ("id") DEFERRABLE INITIALLY DEFERRED; (params None)
ALTER TABLE "auth_user_user_permissions" ADD CONSTRAINT "auth_user_user_permi_permission_id_1fbb5f2c_fk_auth_perm" FOREIGN KEY ("permission_id") REFERENCES "auth_permission" ("id") DEFERRABLE INITIALLY DEFERRED; (params None)
CREATE INDEX "auth_user_user_permissions_user_id_a95ead1b" ON "auth_user_user_permissions" ("user_id"); (params None)
CREATE INDEX "auth_user_user_permissions_permission_id_1fbb5f2c" ON "auth_user_user_permissions" ("permission_id"); (params None)
CREATE TABLE "django_admin_log" ("id" integer NOT NULL PRIMARY KEY GENERATED BY DEFAULT AS IDENTITY, "action_time" timestamp with time zone NOT NULL, "object_id" text NULL, "object_repr" varchar(200) NOT NULL, "action_flag" smallint NOT NULL CHECK ("action_flag" >= 0), "change_message" text NOT NULL, "content_type_id" integer NULL, "user_id" integer NOT NULL); (params None)
ALTER TABLE "django_admin_log" ADD CONSTRAINT "django_admin_log_content_type_id_c4bce8eb_fk_django_co" FOREIGN KEY ("content_type_id") REFERENCES "django_content_type" ("id") DEFERRABLE INITIALLY DEFERRED; (params None)
ALTER TABLE "django_admin_log" ADD CONSTRAINT "django_admin_log_user_id_c564eba6_fk_auth_user_id" FOREIGN KEY ("user_id") REFERENCES "auth_user" ("id") DEFERRABLE INITIALLY DEFERRED; (params None)
CREATE INDEX "django_admin_log_content_type_id_c4bce8eb" ON "django_admin_log" ("content_type_id"); (params None)
CREATE INDEX "django_admin_log_user_id_c564eba6" ON "django_admin_log" ("user_id"); (params None)
ALTER TABLE "django_content_type" ALTER COLUMN "name" DROP NOT NULL; (params None)
ALTER TABLE "django_content_type" DROP COLUMN "name" CASCADE; (params None)
ALTER TABLE "auth_permission" ALTER COLUMN "name" TYPE varchar(255); (params None)
ALTER TABLE "auth_user" ALTER COLUMN "email" TYPE varchar(254); (params None)
ALTER TABLE "auth_user" ALTER COLUMN "last_login" DROP NOT NULL; (params None)
ALTER TABLE "auth_user" ALTER COLUMN "username" TYPE varchar(150); (params None)
ALTER TABLE "auth_user" ALTER COLUMN "last_name" TYPE varchar(150); (params None)
ALTER TABLE "auth_group" ALTER COLUMN "name" TYPE varchar(150); (params None)
ALTER TABLE "auth_user" ALTER COLUMN "first_name" TYPE varchar(150); (params None)
CREATE TABLE "django_celery_beat_crontabschedule" ("id" integer NOT NULL PRIMARY KEY GENERATED BY DEFAULT AS IDENTITY, "minute" varchar(64) NOT NULL, "hour" varchar(64) NOT NULL, "day_of_week" varchar(64) NOT NULL, "day_of_month" varchar(64) NOT NULL, "month_of_year" varchar(64) NOT NULL); (params None)
CREATE TABLE "django_celery_beat_intervalschedule" ("id" integer NOT NULL PRIMARY KEY GENERATED BY DEFAULT AS IDENTITY, "every" integer NOT NULL, "period" varchar(24) NOT NULL); (params None)
CREATE TABLE "django_celery_beat_periodictask" ("id" integer NOT NULL PRIMARY KEY GENERATED BY DEFAULT AS IDENTITY, "name" varchar(200) NOT NULL UNIQUE, "task" varchar(200) NOT NULL, "args" text NOT NULL, "kwargs" text NOT NULL, "queue" varchar(200) NULL, "exchange" varchar(200) NULL, "routing_key" varchar(200) NULL, "expires" timestamp with time zone NULL, "enabled" boolean NOT NULL, "last_run_at" timestamp with time zone NULL, "total_run_count" integer NOT NULL CHECK ("total_run_count" >= 0), "date_changed" timestamp with time zone NOT NULL, "description" text NOT NULL, "crontab_id" integer NULL, "interval_id" integer NULL); (params None)
CREATE TABLE "django_celery_beat_periodictasks" ("ident" smallint NOT NULL PRIMARY KEY, "last_update" timestamp with time zone NOT NULL); (params None)
ALTER TABLE "django_celery_beat_periodictask" ADD CONSTRAINT "django_celery_beat_p_crontab_id_d3cba168_fk_django_ce" FOREIGN KEY ("crontab_id") REFERENCES "django_celery_beat_crontabschedule" ("id") DEFERRABLE INITIALLY DEFERRED; (params None)
ALTER TABLE "django_celery_beat_periodictask" ADD CONSTRAINT "django_celery_beat_p_interval_id_a8ca27da_fk_django_ce" FOREIGN KEY ("interval_id") REFERENCES "django_celery_beat_intervalschedule" ("id") DEFERRABLE INITIALLY DEFERRED; (params None)
CREATE INDEX "django_celery_beat_periodictask_name_265a36b7_like" ON "django_celery_beat_periodictask" ("name" varchar_pattern_ops); (params None)
CREATE INDEX "django_celery_beat_periodictask_crontab_id_d3cba168" ON "django_celery_beat_periodictask" ("crontab_id"); (params None)
CREATE INDEX "django_celery_beat_periodictask_interval_id_a8ca27da" ON "django_celery_beat_periodictask" ("interval_id"); (params None)
CREATE TABLE "django_celery_beat_solarschedule" ("id" integer NOT NULL PRIMARY KEY GENERATED BY DEFAULT AS IDENTITY, "event" varchar(24) NOT NULL, "latitude" numeric(9, 6) NOT NULL, "longitude" numeric(9, 6) NOT NULL); (params None)
ALTER TABLE "django_celery_beat_periodictask" ADD COLUMN "solar_id" integer NULL CONSTRAINT "django_celery_beat_p_solar_id_a87ce72c_fk_django_ce" REFERENCES "django_celery_beat_solarschedule"("id") DEFERRABLE INITIALLY DEFERRED; SET CONSTRAINTS "django_celery_beat_p_solar_id_a87ce72c_fk_django_ce" IMMEDIATE; (params None)
CREATE INDEX "django_celery_beat_periodictask_solar_id_a87ce72c" ON "django_celery_beat_periodictask" ("solar_id"); (params None)
ALTER TABLE "django_celery_beat_solarschedule" ADD CONSTRAINT "django_celery_beat_solar_event_latitude_longitude_ba64999a_uniq" UNIQUE ("event", "latitude", "longitude"); (params None)
ALTER TABLE "django_celery_beat_crontabschedule" ADD COLUMN "timezone" varchar(63) DEFAULT 'UTC' NOT NULL; (params None)
ALTER TABLE "django_celery_beat_crontabschedule" ALTER COLUMN "timezone" DROP DEFAULT; (params None)
ALTER TABLE "django_celery_beat_crontabschedule" ALTER COLUMN "day_of_month" TYPE varchar(124); (params None)
ALTER TABLE "django_celery_beat_crontabschedule" ALTER COLUMN "hour" TYPE varchar(96); (params None)
ALTER TABLE "django_celery_beat_crontabschedule" ALTER COLUMN "minute" TYPE varchar(240); (params None)
ALTER TABLE "django_celery_beat_periodictask" ADD COLUMN "one_off" boolean DEFAULT false NOT NULL; (params None)
ALTER TABLE "django_celery_beat_periodictask" ALTER COLUMN "one_off" DROP DEFAULT; (params None)
ALTER TABLE "django_celery_beat_periodictask" ADD COLUMN "start_time" timestamp with time zone NULL; (params None)
ALTER TABLE "django_celery_beat_periodictask" ADD COLUMN "priority" integer NULL CHECK ("priority" >= 0); (params None)
ALTER TABLE "django_celery_beat_periodictask" ADD COLUMN "headers" text DEFAULT '{}' NOT NULL; (params None)
ALTER TABLE "django_celery_beat_periodictask" ALTER COLUMN "headers" DROP DEFAULT; (params None)
CREATE TABLE "django_celery_beat_clockedschedule" ("id" integer NOT NULL PRIMARY KEY GENERATED BY DEFAULT AS IDENTITY, "clocked_time" timestamp with time zone NOT NULL, "enabled" boolean NOT NULL); (params None)
ALTER TABLE "django_celery_beat_periodictask" ADD COLUMN "clocked_id" integer NULL CONSTRAINT "django_celery_beat_p_clocked_id_47a69f82_fk_django_ce" REFERENCES "django_celery_beat_clockedschedule"("id") DEFERRABLE INITIALLY DEFERRED; SET CONSTRAINTS "django_celery_beat_p_clocked_id_47a69f82_fk_django_ce" IMMEDIATE; (params None)
CREATE INDEX "django_celery_beat_periodictask_clocked_id_47a69f82" ON "django_celery_beat_periodictask" ("clocked_id"); (params None)
ALTER TABLE "django_celery_beat_periodictask" ADD COLUMN "expire_seconds" integer NULL CHECK ("expire_seconds" >= 0); (params None)
ALTER TABLE "django_celery_beat_clockedschedule" DROP COLUMN "enabled" CASCADE; (params None)
CREATE TABLE "django_session" ("session_key" varchar(40) NOT NULL PRIMARY KEY, "session_data" text NOT NULL, "expire_date" timestamp with time zone NOT NULL); (params None)
CREATE INDEX "django_session_session_key_c0390e0f_like" ON "django_session" ("session_key" varchar_pattern_ops); (params None)
CREATE INDEX "django_session_expire_date_a5c62663" ON "django_session" ("expire_date"); (params None)
CREATE TABLE "timers_timer" ("id" uuid NOT NULL PRIMARY KEY, "url" varchar(200) NOT NULL, "scheduled_time" timestamp with time zone NOT NULL, "is_fired" boolean NOT NULL); (params None)
CREATE TABLE "django_migrations" ("id" bigint NOT NULL PRIMARY KEY GENERATED BY DEFAULT AS IDENTITY, "app" varchar(255) NOT NULL, "name" varchar(255) NOT NULL, "applied" timestamp with time zone NOT NULL); (params None)
CREATE TABLE "django_content_type" ("id" integer NOT NULL PRIMARY KEY GENERATED BY DEFAULT AS IDENTITY, "name" varchar(100) NOT NULL, "app_label" varchar(100) NOT NULL, "model" varchar(100) NOT NULL); (params None)
ALTER TABLE "django_content_type" ADD CONSTRAINT "django_content_type_app_label_model_76bd3d3b_uniq" UNIQUE ("app_label", "model"); (params None)
CREATE TABLE "auth_permission" ("id" integer NOT NULL PRIMARY KEY GENERATED BY DEFAULT AS IDENTITY, "name" varchar(50) NOT NULL, "content_type_id" integer NOT NULL, "codename" varchar(100) NOT NULL); (params None)
CREATE TABLE "auth_group" ("id" integer NOT NULL PRIMARY KEY GENERATED BY DEFAULT AS IDENTITY, "name" varchar(80) NOT NULL UNIQUE); (params None)
CREATE TABLE "auth_group_permissions" ("id" bigint NOT NULL PRIMARY KEY GENERATED BY DEFAULT AS IDENTITY, "group_id" integer NOT NULL, "permission_id" integer NOT NULL); (params None)
CREATE TABLE "auth_user" ("id" integer NOT NULL PRIMARY KEY GENERATED BY DEFAULT AS IDENTITY, "password" varchar(128) NOT NULL, "last_login" timestamp with time zone NOT NULL, "is_superuser" boolean NOT NULL, "username" varchar(30) NOT NULL UNIQUE, "first_name" varchar(30) NOT NULL, "last_name" varchar(30) NOT NULL, "email" varchar(75) NOT NULL, "is_staff" boolean NOT NULL, "is_active" boolean NOT NULL, "date_joined" timestamp with time zone NOT NULL); (params None)
CREATE TABLE "auth_user_groups" ("id" bigint NOT NULL PRIMARY KEY GENERATED BY DEFAULT AS IDENTITY, "user_id" integer NOT NULL, "group_id" integer NOT NULL); (params None)
CREATE TABLE "auth_user_user_permissions" ("id" bigint NOT NULL PRIMARY KEY GENERATED BY DEFAULT AS IDENTITY, "user_id" integer NOT NULL, "permission_id" integer NOT NULL); (params None)
ALTER TABLE "auth_permission" ADD CONSTRAINT "auth_permission_content_type_id_codename_01ab375a_uniq" UNIQUE ("content_type_id", "codename"); (params None)
ALTER TABLE "auth_permission" ADD CONSTRAINT "auth_permission_content_type_id_2f476e4b_fk_django_co" FOREIGN KEY ("content_type_id") REFERENCES "django_content_type" ("id") DEFERRABLE INITIALLY DEFERRED; (params None)
CREATE INDEX "auth_permission_content_type_id_2f476e4b" ON "auth_permission" ("content_type_id"); (params None)
CREATE INDEX "auth_group_name_a6ea08ec_like" ON "auth_group" ("name" varchar_pattern_ops); (params None)
ALTER TABLE "auth_group_permissions" ADD CONSTRAINT "auth_group_permissions_group_id_permission_id_0cd325b0_uniq" UNIQUE ("group_id", "permission_id"); (params None)
ALTER TABLE "auth_group_permissions" ADD CONSTRAINT "auth_group_permissions_group_id_b120cbf9_fk_auth_group_id" FOREIGN KEY ("group_id") REFERENCES "auth_group" ("id") DEFERRABLE INITIALLY DEFERRED; (params None)
ALTER TABLE "auth_group_permissions" ADD CONSTRAINT "auth_group_permissio_permission_id_84c5c92e_fk_auth_perm" FOREIGN KEY ("permission_id") REFERENCES "auth_permission" ("id") DEFERRABLE INITIALLY DEFERRED; (params None)
CREATE INDEX "auth_group_permissions_group_id_b120cbf9" ON "auth_group_permissions" ("group_id"); (params None)
CREATE INDEX "auth_group_permissions_permission_id_84c5c92e" ON "auth_group_permissions" ("permission_id"); (params None)
CREATE INDEX "auth_user_username_6821ab7c_like" ON "auth_user" ("username" varchar_pattern_ops); (params None)
ALTER TABLE "auth_user_groups" ADD CONSTRAINT "auth_user_groups_user_id_group_id_94350c0c_uniq" UNIQUE ("user_id", "group_id"); (params None)
ALTER TABLE "auth_user_groups" ADD CONSTRAINT "auth_user_groups_user_id_6a12ed8b_fk_auth_user_id" FOREIGN KEY ("user_id") REFERENCES "auth_user" ("id") DEFERRABLE INITIALLY DEFERRED; (params None)
ALTER TABLE "auth_user_groups" ADD CONSTRAINT "auth_user_groups_group_id_97559544_fk_auth_group_id" FOREIGN KEY ("group_id") REFERENCES "auth_group" ("id") DEFERRABLE INITIALLY DEFERRED; (params None)
CREATE INDEX "auth_user_groups_user_id_6a12ed8b" ON "auth_user_groups" ("user_id"); (params None)
CREATE INDEX "auth_user_groups_group_id_97559544" ON "auth_user_groups" ("group_id"); (params None)
ALTER TABLE "auth_user_user_permissions" ADD CONSTRAINT "auth_user_user_permissions_user_id_permission_id_14a6b632_uniq" UNIQUE ("user_id", "permission_id"); (params None)
ALTER TABLE "auth_user_user_permissions" ADD CONSTRAINT "auth_user_user_permissions_user_id_a95ead1b_fk_auth_user_id" FOREIGN KEY ("user_id") REFERENCES "auth_user" ("id") DEFERRABLE INITIALLY DEFERRED; (params None)
ALTER TABLE "auth_user_user_permissions" ADD CONSTRAINT "auth_user_user_permi_permission_id_1fbb5f2c_fk_auth_perm" FOREIGN KEY ("permission_id") REFERENCES "auth_permission" ("id") DEFERRABLE INITIALLY DEFERRED; (params None)
CREATE INDEX "auth_user_user_permissions_user_id_a95ead1b" ON "auth_user_user_permissions" ("user_id"); (params None)
CREATE INDEX "auth_user_user_permissions_permission_id_1fbb5f2c" ON "auth_user_user_permissions" ("permission_id"); (params None)
CREATE TABLE "django_admin_log" ("id" integer NOT NULL PRIMARY KEY GENERATED BY DEFAULT AS IDENTITY, "action_time" timestamp with time zone NOT NULL, "object_id" text NULL, "object_repr" varchar(200) NOT NULL, "action_flag" smallint NOT NULL CHECK ("action_flag" >= 0), "change_message" text NOT NULL, "content_type_id" integer NULL, "user_id" integer NOT NULL); (params None)
ALTER TABLE "django_admin_log" ADD CONSTRAINT "django_admin_log_content_type_id_c4bce8eb_fk_django_co" FOREIGN KEY ("content_type_id") REFERENCES "django_content_type" ("id") DEFERRABLE INITIALLY DEFERRED; (params None)
ALTER TABLE "django_admin_log" ADD CONSTRAINT "django_admin_log_user_id_c564eba6_fk_auth_user_id" FOREIGN KEY ("user_id") REFERENCES "auth_user" ("id") DEFERRABLE INITIALLY DEFERRED; (params None)
CREATE INDEX "django_admin_log_content_type_id_c4bce8eb" ON "django_admin_log" ("content_type_id"); (params None)
CREATE INDEX "django_admin_log_user_id_c564eba6" ON "django_admin_log" ("user_id"); (params None)
ALTER TABLE "django_content_type" ALTER COLUMN "name" DROP NOT NULL; (params None)
ALTER TABLE "django_content_type" DROP COLUMN "name" CASCADE; (params None)
ALTER TABLE "auth_permission" ALTER COLUMN "name" TYPE varchar(255); (params None)
ALTER TABLE "auth_user" ALTER COLUMN "email" TYPE varchar(254); (params None)
ALTER TABLE "auth_user" ALTER COLUMN "last_login" DROP NOT NULL; (params None)
ALTER TABLE "auth_user" ALTER COLUMN "username" TYPE varchar(150); (params None)
ALTER TABLE "auth_user" ALTER COLUMN "last_name" TYPE varchar(150); (params None)
ALTER TABLE "auth_group" ALTER COLUMN "name" TYPE varchar(150); (params None)
ALTER TABLE "auth_user" ALTER COLUMN "first_name" TYPE varchar(150); (params None)
CREATE TABLE "django_celery_beat_crontabschedule" ("id" integer NOT NULL PRIMARY KEY GENERATED BY DEFAULT AS IDENTITY, "minute" varchar(64) NOT NULL, "hour" varchar(64) NOT NULL, "day_of_week" varchar(64) NOT NULL, "day_of_month" varchar(64) NOT NULL, "month_of_year" varchar(64) NOT NULL); (params None)
CREATE TABLE "django_celery_beat_intervalschedule" ("id" integer NOT NULL PRIMARY KEY GENERATED BY DEFAULT AS IDENTITY, "every" integer NOT NULL, "period" varchar(24) NOT NULL); (params None)
CREATE TABLE "django_celery_beat_periodictask" ("id" integer NOT NULL PRIMARY KEY GENERATED BY DEFAULT AS IDENTITY, "name" varchar(200) NOT NULL UNIQUE, "task" varchar(200) NOT NULL, "args" text NOT NULL, "kwargs" text NOT NULL, "queue" varchar(200) NULL, "exchange" varchar(200) NULL, "routing_key" varchar(200) NULL, "expires" timestamp with time zone NULL, "enabled" boolean NOT NULL, "last_run_at" timestamp with time zone NULL, "total_run_count" integer NOT NULL CHECK ("total_run_count" >= 0), "date_changed" timestamp with time zone NOT NULL, "description" text NOT NULL, "crontab_id" integer NULL, "interval_id" integer NULL); (params None)
CREATE TABLE "django_celery_beat_periodictasks" ("ident" smallint NOT NULL PRIMARY KEY, "last_update" timestamp with time zone NOT NULL); (params None)
ALTER TABLE "django_celery_beat_periodictask" ADD CONSTRAINT "django_celery_beat_p_crontab_id_d3cba168_fk_django_ce" FOREIGN KEY ("crontab_id") REFERENCES "django_celery_beat_crontabschedule" ("id") DEFERRABLE INITIALLY DEFERRED; (params None)
ALTER TABLE "django_celery_beat_periodictask" ADD CONSTRAINT "django_celery_beat_p_interval_id_a8ca27da_fk_django_ce" FOREIGN KEY ("interval_id") REFERENCES "django_celery_beat_intervalschedule" ("id") DEFERRABLE INITIALLY DEFERRED; (params None)
CREATE INDEX "django_celery_beat_periodictask_name_265a36b7_like" ON "django_celery_beat_periodictask" ("name" varchar_pattern_ops); (params None)
CREATE INDEX "django_celery_beat_periodictask_crontab_id_d3cba168" ON "django_celery_beat_periodictask" ("crontab_id"); (params None)
CREATE INDEX "django_celery_beat_periodictask_interval_id_a8ca27da" ON "django_celery_beat_periodictask" ("interval_id"); (params None)
CREATE TABLE "django_celery_beat_solarschedule" ("id" integer NOT NULL PRIMARY KEY GENERATED BY DEFAULT AS IDENTITY, "event" varchar(24) NOT NULL, "latitude" numeric(9, 6) NOT NULL, "longitude" numeric(9, 6) NOT NULL); (params None)
ALTER TABLE "django_celery_beat_periodictask" ADD COLUMN "solar_id" integer NULL CONSTRAINT "django_celery_beat_p_solar_id_a87ce72c_fk_django_ce" REFERENCES "django_celery_beat_solarschedule"("id") DEFERRABLE INITIALLY DEFERRED; SET CONSTRAINTS "django_celery_beat_p_solar_id_a87ce72c_fk_django_ce" IMMEDIATE; (params None)
CREATE INDEX "django_celery_beat_periodictask_solar_id_a87ce72c" ON "django_celery_beat_periodictask" ("solar_id"); (params None)
ALTER TABLE "django_celery_beat_solarschedule" ADD CONSTRAINT "django_celery_beat_solar_event_latitude_longitude_ba64999a_uniq" UNIQUE ("event", "latitude", "longitude"); (params None)
ALTER TABLE "django_celery_beat_crontabschedule" ADD COLUMN "timezone" varchar(63) DEFAULT 'UTC' NOT NULL; (params None)
ALTER TABLE "django_celery_beat_crontabschedule" ALTER COLUMN "timezone" DROP DEFAULT; (params None)
ALTER TABLE "django_celery_beat_crontabschedule" ALTER COLUMN "day_of_month" TYPE varchar(124); (params None)
ALTER TABLE "django_celery_beat_crontabschedule" ALTER COLUMN "hour" TYPE varchar(96); (params None)
ALTER TABLE "django_celery_beat_crontabschedule" ALTER COLUMN "minute" TYPE varchar(240); (params None)
ALTER TABLE "django_celery_beat_periodictask" ADD COLUMN "one_off" boolean DEFAULT false NOT NULL; (params None)
ALTER TABLE "django_celery_beat_periodictask" ALTER COLUMN "one_off" DROP DEFAULT; (params None)
ALTER TABLE "django_celery_beat_periodictask" ADD COLUMN "start_time" timestamp with time zone NULL; (params None)
ALTER TABLE "django_celery_beat_periodictask" ADD COLUMN "priority" integer NULL CHECK ("priority" >= 0); (params None)
ALTER TABLE "django_celery_beat_periodictask" ADD COLUMN "headers" text DEFAULT '{}' NOT NULL; (params None)
ALTER TABLE "django_celery_beat_periodictask" ALTER COLUMN "headers" DROP DEFAULT; (params None)
CREATE TABLE "django_celery_beat_clockedschedule" ("id" integer NOT NULL PRIMARY KEY GENERATED BY DEFAULT AS IDENTITY, "clocked_time" timestamp with time zone NOT NULL, "enabled" boolean NOT NULL); (params None)
ALTER TABLE "django_celery_beat_periodictask" ADD COLUMN "clocked_id" integer NULL CONSTRAINT "django_celery_beat_p_clocked_id_47a69f82_fk_django_ce" REFERENCES "django_celery_beat_clockedschedule"("id") DEFERRABLE INITIALLY DEFERRED; SET CONSTRAINTS "django_celery_beat_p_clocked_id_47a69f82_fk_django_ce" IMMEDIATE; (params None)
CREATE INDEX "django_celery_beat_periodictask_clocked_id_47a69f82" ON "django_celery_beat_periodictask" ("clocked_id"); (params None)
ALTER TABLE "django_celery_beat_periodictask" ADD COLUMN "expire_seconds" integer NULL CHECK ("expire_seconds" >= 0); (params None)
ALTER TABLE "django_celery_beat_clockedschedule" DROP COLUMN "enabled" CASCADE; (params None)
CREATE TABLE "django_session" ("session_key" varchar(40) NOT NULL PRIMARY KEY, "session_data" text NOT NULL, "expire_date" timestamp with time zone NOT NULL); (params None)
CREATE INDEX "django_session_session_key_c0390e0f_like" ON "django_session" ("session_key" varchar_pattern_ops); (params None)
CREATE INDEX "django_session_expire_date_a5c62663" ON "django_session" ("expire_date"); (params None)
CREATE TABLE "timers_timer" ("id" uuid NOT NULL PRIMARY KEY, "url" varchar(200) NOT NULL, "scheduled_time" timestamp with time zone NOT NULL, "is_fired" boolean NOT NULL); (params None)
Invalid HTTP_HOST header: 'localhost:8000'. You may need to add 'localhost' to ALLOWED_HOSTS.
Traceback (most recent call last):
  File "/usr/local/lib/python3.11/site-packages/django/core/handlers/exception.py", line 55, in inner
    response = get_response(request)
               ^^^^^^^^^^^^^^^^^^^^^
  File "/usr/local/lib/python3.11/site-packages/django/utils/deprecation.py", line 128, in __call__
    response = self.process_request(request)
               ^^^^^^^^^^^^^^^^^^^^^^^^^^^^^
  File "/usr/local/lib/python3.11/site-packages/django/middleware/security.py", line 28, in process_request
    host = self.redirect_host or request.get_host()
                                 ^^^^^^^^^^^^^^^^^^
  File "/usr/local/lib/python3.11/site-packages/django/http/request.py", line 151, in get_host
    raise DisallowedHost(msg)
django.core.exceptions.DisallowedHost: Invalid HTTP_HOST header: 'localhost:8000'. You may need to add 'localhost' to ALLOWED_HOSTS.
Bad Request: /timer
Invalid HTTP_HOST header: 'localhost:8000'. You may need to add 'localhost' to ALLOWED_HOSTS.
Traceback (most recent call last):
  File "/usr/local/lib/python3.11/site-packages/django/core/handlers/exception.py", line 55, in inner
    response = get_response(request)
               ^^^^^^^^^^^^^^^^^^^^^
  File "/usr/local/lib/python3.11/site-packages/django/utils/deprecation.py", line 128, in __call__
    response = self.process_request(request)
               ^^^^^^^^^^^^^^^^^^^^^^^^^^^^^
  File "/usr/local/lib/python3.11/site-packages/django/middleware/security.py", line 28, in process_request
    host = self.redirect_host or request.get_host()
                                 ^^^^^^^^^^^^^^^^^^
  File "/usr/local/lib/python3.11/site-packages/django/http/request.py", line 151, in get_host
    raise DisallowedHost(msg)
django.core.exceptions.DisallowedHost: Invalid HTTP_HOST header: 'localhost:8000'. You may need to add 'localhost' to ALLOWED_HOSTS.
Bad Request: /timer
CREATE TABLE "django_migrations" ("id" bigint NOT NULL PRIMARY KEY GENERATED BY DEFAULT AS IDENTITY, "app" varchar(255) NOT NULL, "name" varchar(255) NOT NULL, "applied" timestamp with time zone NOT NULL); (params None)
CREATE TABLE "django_content_type" ("id" integer NOT NULL PRIMARY KEY GENERATED BY DEFAULT AS IDENTITY, "name" varchar(100) NOT NULL, "app_label" varchar(100) NOT NULL, "model" varchar(100) NOT NULL); (params None)
ALTER TABLE "django_content_type" ADD CONSTRAINT "django_content_type_app_label_model_76bd3d3b_uniq" UNIQUE ("app_label", "model"); (params None)
CREATE TABLE "auth_permission" ("id" integer NOT NULL PRIMARY KEY GENERATED BY DEFAULT AS IDENTITY, "name" varchar(50) NOT NULL, "content_type_id" integer NOT NULL, "codename" varchar(100) NOT NULL); (params None)
CREATE TABLE "auth_group" ("id" integer NOT NULL PRIMARY KEY GENERATED BY DEFAULT AS IDENTITY, "name" varchar(80) NOT NULL UNIQUE); (params None)
CREATE TABLE "auth_group_permissions" ("id" bigint NOT NULL PRIMARY KEY GENERATED BY DEFAULT AS IDENTITY, "group_id" integer NOT NULL, "permission_id" integer NOT NULL); (params None)
CREATE TABLE "auth_user" ("id" integer NOT NULL PRIMARY KEY GENERATED BY DEFAULT AS IDENTITY, "password" varchar(128) NOT NULL, "last_login" timestamp with time zone NOT NULL, "is_superuser" boolean NOT NULL, "username" varchar(30) NOT NULL UNIQUE, "first_name" varchar(30) NOT NULL, "last_name" varchar(30) NOT NULL, "email" varchar(75) NOT NULL, "is_staff" boolean NOT NULL, "is_active" boolean NOT NULL, "date_joined" timestamp with time zone NOT NULL); (params None)
CREATE TABLE "auth_user_groups" ("id" bigint NOT NULL PRIMARY KEY GENERATED BY DEFAULT AS IDENTITY, "user_id" integer NOT NULL, "group_id" integer NOT NULL); (params None)
CREATE TABLE "auth_user_user_permissions" ("id" bigint NOT NULL PRIMARY KEY GENERATED BY DEFAULT AS IDENTITY, "user_id" integer NOT NULL, "permission_id" integer NOT NULL); (params None)
ALTER TABLE "auth_permission" ADD CONSTRAINT "auth_permission_content_type_id_codename_01ab375a_uniq" UNIQUE ("content_type_id", "codename"); (params None)
ALTER TABLE "auth_permission" ADD CONSTRAINT "auth_permission_content_type_id_2f476e4b_fk_django_co" FOREIGN KEY ("content_type_id") REFERENCES "django_content_type" ("id") DEFERRABLE INITIALLY DEFERRED; (params None)
CREATE INDEX "auth_permission_content_type_id_2f476e4b" ON "auth_permission" ("content_type_id"); (params None)
CREATE INDEX "auth_group_name_a6ea08ec_like" ON "auth_group" ("name" varchar_pattern_ops); (params None)
ALTER TABLE "auth_group_permissions" ADD CONSTRAINT "auth_group_permissions_group_id_permission_id_0cd325b0_uniq" UNIQUE ("group_id", "permission_id"); (params None)
ALTER TABLE "auth_group_permissions" ADD CONSTRAINT "auth_group_permissions_group_id_b120cbf9_fk_auth_group_id" FOREIGN KEY ("group_id") REFERENCES "auth_group" ("id") DEFERRABLE INITIALLY DEFERRED; (params None)
ALTER TABLE "auth_group_permissions" ADD CONSTRAINT "auth_group_permissio_permission_id_84c5c92e_fk_auth_perm" FOREIGN KEY ("permission_id") REFERENCES "auth_permission" ("id") DEFERRABLE INITIALLY DEFERRED; (params None)
CREATE INDEX "auth_group_permissions_group_id_b120cbf9" ON "auth_group_permissions" ("group_id"); (params None)
CREATE INDEX "auth_group_permissions_permission_id_84c5c92e" ON "auth_group_permissions" ("permission_id"); (params None)
CREATE INDEX "auth_user_username_6821ab7c_like" ON "auth_user" ("username" varchar_pattern_ops); (params None)
ALTER TABLE "auth_user_groups" ADD CONSTRAINT "auth_user_groups_user_id_group_id_94350c0c_uniq" UNIQUE ("user_id", "group_id"); (params None)
ALTER TABLE "auth_user_groups" ADD CONSTRAINT "auth_user_groups_user_id_6a12ed8b_fk_auth_user_id" FOREIGN KEY ("user_id") REFERENCES "auth_user" ("id") DEFERRABLE INITIALLY DEFERRED; (params None)
ALTER TABLE "auth_user_groups" ADD CONSTRAINT "auth_user_groups_group_id_97559544_fk_auth_group_id" FOREIGN KEY ("group_id") REFERENCES "auth_group" ("id") DEFERRABLE INITIALLY DEFERRED; (params None)
CREATE INDEX "auth_user_groups_user_id_6a12ed8b" ON "auth_user_groups" ("user_id"); (params None)
CREATE INDEX "auth_user_groups_group_id_97559544" ON "auth_user_groups" ("group_id"); (params None)
ALTER TABLE "auth_user_user_permissions" ADD CONSTRAINT "auth_user_user_permissions_user_id_permission_id_14a6b632_uniq" UNIQUE ("user_id", "permission_id"); (params None)
ALTER TABLE "auth_user_user_permissions" ADD CONSTRAINT "auth_user_user_permissions_user_id_a95ead1b_fk_auth_user_id" FOREIGN KEY ("user_id") REFERENCES "auth_user" ("id") DEFERRABLE INITIALLY DEFERRED; (params None)
ALTER TABLE "auth_user_user_permissions" ADD CONSTRAINT "auth_user_user_permi_permission_id_1fbb5f2c_fk_auth_perm" FOREIGN KEY ("permission_id") REFERENCES "auth_permission" ("id") DEFERRABLE INITIALLY DEFERRED; (params None)
CREATE INDEX "auth_user_user_permissions_user_id_a95ead1b" ON "auth_user_user_permissions" ("user_id"); (params None)
CREATE INDEX "auth_user_user_permissions_permission_id_1fbb5f2c" ON "auth_user_user_permissions" ("permission_id"); (params None)
CREATE TABLE "django_admin_log" ("id" integer NOT NULL PRIMARY KEY GENERATED BY DEFAULT AS IDENTITY, "action_time" timestamp with time zone NOT NULL, "object_id" text NULL, "object_repr" varchar(200) NOT NULL, "action_flag" smallint NOT NULL CHECK ("action_flag" >= 0), "change_message" text NOT NULL, "content_type_id" integer NULL, "user_id" integer NOT NULL); (params None)
ALTER TABLE "django_admin_log" ADD CONSTRAINT "django_admin_log_content_type_id_c4bce8eb_fk_django_co" FOREIGN KEY ("content_type_id") REFERENCES "django_content_type" ("id") DEFERRABLE INITIALLY DEFERRED; (params None)
ALTER TABLE "django_admin_log" ADD CONSTRAINT "django_admin_log_user_id_c564eba6_fk_auth_user_id" FOREIGN KEY ("user_id") REFERENCES "auth_user" ("id") DEFERRABLE INITIALLY DEFERRED; (params None)
CREATE INDEX "django_admin_log_content_type_id_c4bce8eb" ON "django_admin_log" ("content_type_id"); (params None)
CREATE INDEX "django_admin_log_user_id_c564eba6" ON "django_admin_log" ("user_id"); (params None)
ALTER TABLE "django_content_type" ALTER COLUMN "name" DROP NOT NULL; (params None)
ALTER TABLE "django_content_type" DROP COLUMN "name" CASCADE; (params None)
ALTER TABLE "auth_permission" ALTER COLUMN "name" TYPE varchar(255); (params None)
ALTER TABLE "auth_user" ALTER COLUMN "email" TYPE varchar(254); (params None)
ALTER TABLE "auth_user" ALTER COLUMN "last_login" DROP NOT NULL; (params None)
ALTER TABLE "auth_user" ALTER COLUMN "username" TYPE varchar(150); (params None)
ALTER TABLE "auth_user" ALTER COLUMN "last_name" TYPE varchar(150); (params None)
ALTER TABLE "auth_group" ALTER COLUMN "name" TYPE varchar(150); (params None)
ALTER TABLE "auth_user" ALTER COLUMN "first_name" TYPE varchar(150); (params None)
CREATE TABLE "django_celery_beat_crontabschedule" ("id" integer NOT NULL PRIMARY KEY GENERATED BY DEFAULT AS IDENTITY, "minute" varchar(64) NOT NULL, "hour" varchar(64) NOT NULL, "day_of_week" varchar(64) NOT NULL, "day_of_month" varchar(64) NOT NULL, "month_of_year" varchar(64) NOT NULL); (params None)
CREATE TABLE "django_celery_beat_intervalschedule" ("id" integer NOT NULL PRIMARY KEY GENERATED BY DEFAULT AS IDENTITY, "every" integer NOT NULL, "period" varchar(24) NOT NULL); (params None)
CREATE TABLE "django_celery_beat_periodictask" ("id" integer NOT NULL PRIMARY KEY GENERATED BY DEFAULT AS IDENTITY, "name" varchar(200) NOT NULL UNIQUE, "task" varchar(200) NOT NULL, "args" text NOT NULL, "kwargs" text NOT NULL, "queue" varchar(200) NULL, "exchange" varchar(200) NULL, "routing_key" varchar(200) NULL, "expires" timestamp with time zone NULL, "enabled" boolean NOT NULL, "last_run_at" timestamp with time zone NULL, "total_run_count" integer NOT NULL CHECK ("total_run_count" >= 0), "date_changed" timestamp with time zone NOT NULL, "description" text NOT NULL, "crontab_id" integer NULL, "interval_id" integer NULL); (params None)
CREATE TABLE "django_celery_beat_periodictasks" ("ident" smallint NOT NULL PRIMARY KEY, "last_update" timestamp with time zone NOT NULL); (params None)
ALTER TABLE "django_celery_beat_periodictask" ADD CONSTRAINT "django_celery_beat_p_crontab_id_d3cba168_fk_django_ce" FOREIGN KEY ("crontab_id") REFERENCES "django_celery_beat_crontabschedule" ("id") DEFERRABLE INITIALLY DEFERRED; (params None)
ALTER TABLE "django_celery_beat_periodictask" ADD CONSTRAINT "django_celery_beat_p_interval_id_a8ca27da_fk_django_ce" FOREIGN KEY ("interval_id") REFERENCES "django_celery_beat_intervalschedule" ("id") DEFERRABLE INITIALLY DEFERRED; (params None)
CREATE INDEX "django_celery_beat_periodictask_name_265a36b7_like" ON "django_celery_beat_periodictask" ("name" varchar_pattern_ops); (params None)
CREATE INDEX "django_celery_beat_periodictask_crontab_id_d3cba168" ON "django_celery_beat_periodictask" ("crontab_id"); (params None)
CREATE INDEX "django_celery_beat_periodictask_interval_id_a8ca27da" ON "django_celery_beat_periodictask" ("interval_id"); (params None)
CREATE TABLE "django_celery_beat_solarschedule" ("id" integer NOT NULL PRIMARY KEY GENERATED BY DEFAULT AS IDENTITY, "event" varchar(24) NOT NULL, "latitude" numeric(9, 6) NOT NULL, "longitude" numeric(9, 6) NOT NULL); (params None)
ALTER TABLE "django_celery_beat_periodictask" ADD COLUMN "solar_id" integer NULL CONSTRAINT "django_celery_beat_p_solar_id_a87ce72c_fk_django_ce" REFERENCES "django_celery_beat_solarschedule"("id") DEFERRABLE INITIALLY DEFERRED; SET CONSTRAINTS "django_celery_beat_p_solar_id_a87ce72c_fk_django_ce" IMMEDIATE; (params None)
CREATE INDEX "django_celery_beat_periodictask_solar_id_a87ce72c" ON "django_celery_beat_periodictask" ("solar_id"); (params None)
ALTER TABLE "django_celery_beat_solarschedule" ADD CONSTRAINT "django_celery_beat_solar_event_latitude_longitude_ba64999a_uniq" UNIQUE ("event", "latitude", "longitude"); (params None)
ALTER TABLE "django_celery_beat_crontabschedule" ADD COLUMN "timezone" varchar(63) DEFAULT 'UTC' NOT NULL; (params None)
ALTER TABLE "django_celery_beat_crontabschedule" ALTER COLUMN "timezone" DROP DEFAULT; (params None)
ALTER TABLE "django_celery_beat_crontabschedule" ALTER COLUMN "day_of_month" TYPE varchar(124); (params None)
ALTER TABLE "django_celery_beat_crontabschedule" ALTER COLUMN "hour" TYPE varchar(96); (params None)
ALTER TABLE "django_celery_beat_crontabschedule" ALTER COLUMN "minute" TYPE varchar(240); (params None)
ALTER TABLE "django_celery_beat_periodictask" ADD COLUMN "one_off" boolean DEFAULT false NOT NULL; (params None)
ALTER TABLE "django_celery_beat_periodictask" ALTER COLUMN "one_off" DROP DEFAULT; (params None)
ALTER TABLE "django_celery_beat_periodictask" ADD COLUMN "start_time" timestamp with time zone NULL; (params None)
ALTER TABLE "django_celery_beat_periodictask" ADD COLUMN "priority" integer NULL CHECK ("priority" >= 0); (params None)
ALTER TABLE "django_celery_beat_periodictask" ADD COLUMN "headers" text DEFAULT '{}' NOT NULL; (params None)
ALTER TABLE "django_celery_beat_periodictask" ALTER COLUMN "headers" DROP DEFAULT; (params None)
CREATE TABLE "django_celery_beat_clockedschedule" ("id" integer NOT NULL PRIMARY KEY GENERATED BY DEFAULT AS IDENTITY, "clocked_time" timestamp with time zone NOT NULL, "enabled" boolean NOT NULL); (params None)
ALTER TABLE "django_celery_beat_periodictask" ADD COLUMN "clocked_id" integer NULL CONSTRAINT "django_celery_beat_p_clocked_id_47a69f82_fk_django_ce" REFERENCES "django_celery_beat_clockedschedule"("id") DEFERRABLE INITIALLY DEFERRED; SET CONSTRAINTS "django_celery_beat_p_clocked_id_47a69f82_fk_django_ce" IMMEDIATE; (params None)
CREATE INDEX "django_celery_beat_periodictask_clocked_id_47a69f82" ON "django_celery_beat_periodictask" ("clocked_id"); (params None)
ALTER TABLE "django_celery_beat_periodictask" ADD COLUMN "expire_seconds" integer NULL CHECK ("expire_seconds" >= 0); (params None)
ALTER TABLE "django_celery_beat_clockedschedule" DROP COLUMN "enabled" CASCADE; (params None)
CREATE TABLE "django_session" ("session_key" varchar(40) NOT NULL PRIMARY KEY, "session_data" text NOT NULL, "expire_date" timestamp with time zone NOT NULL); (params None)
CREATE INDEX "django_session_session_key_c0390e0f_like" ON "django_session" ("session_key" varchar_pattern_ops); (params None)
CREATE INDEX "django_session_expire_date_a5c62663" ON "django_session" ("expire_date"); (params None)
CREATE TABLE "timers_timer" ("id" uuid NOT NULL PRIMARY KEY, "url" varchar(200) NOT NULL, "scheduled_time" timestamp with time zone NOT NULL, "is_fired" boolean NOT NULL); (params None)
